<?xml version="1.0" encoding="UTF-8"?>
<testsuite xmlns:xsi="http://www.w3.org/2001/XMLSchema-instance" xsi:noNamespaceSchemaLocation="https://maven.apache.org/surefire/maven-surefire-plugin/xsd/surefire-test-report-3.0.xsd" version="3.0" name="examples.ExamplesTest" time="5.538" tests="1" errors="0" skipped="0" failures="0">
  <properties>
[...]
</properties>
  <testcase name="testParallel" classname="examples.ExamplesTest" time="5.509">
    <system-out><![CDATA[22:07:09.073 [main] INFO  com.intuit.karate.Runner - using system property 'karate.options': --tags @getapi
22:07:10.193 [main] DEBUG com.intuit.karate.Suite - [config] classpath:karate-config.js
22:07:11.642 [main] INFO  com.intuit.karate - [print] https://reqres.in 
22:07:12.031 [main] DEBUG com.intuit.karate - request:
1 > GET https://reqres.in/api/users%3Fpage=2
1 > Host: reqres.in
1 > Connection: Keep-Alive
1 > User-Agent: Apache-HttpClient/4.5.14 (Java/11.0.20)
1 > Accept-Encoding: gzip,deflate


22:07:12.864 [main] DEBUG com.intuit.karate - response time in milliseconds: 827
1 < 200
1 < Date: Sat, 25 Nov 2023 16:37:13 GMT
1 < Content-Type: application/json; charset=utf-8
1 < Transfer-Encoding: chunked
1 < Connection: keep-alive
1 < Report-To: {"group":"heroku-nel","max_age":3600,"endpoints":[{"url":"https://nel.heroku.com/reports?ts=1700912182&sid=c4c9725f-1ab0-44d8-820f-430df2718e11&s=Krb5eCVKYz6XmOp6l4YOshr8vhowM3%2F9bZjUODEJ9iw%3D"}]}
1 < Reporting-Endpoints: heroku-nel=https://nel.heroku.com/reports?ts=1700912182&sid=c4c9725f-1ab0-44d8-820f-430df2718e11&s=Krb5eCVKYz6XmOp6l4YOshr8vhowM3%2F9bZjUODEJ9iw%3D
1 < Nel: {"report_to":"heroku-nel","max_age":3600,"success_fraction":0.005,"failure_fraction":0.05,"response_headers":["Via"]}
1 < X-Powered-By: Express
1 < Access-Control-Allow-Origin: *
1 < Etag: W/"2c1-N6Rqerxquq2kgQhL51EiSg4x0R8"
1 < Via: 1.1 vegur
1 < Cache-Control: max-age=14400
1 < CF-Cache-Status: REVALIDATED
1 < Vary: Accept-Encoding
1 < Server: cloudflare
1 < CF-RAY: 82bb50a39e488528-BOM
{"page":1,"per_page":6,"total":12,"total_pages":2,"data":[{"id":1,"name":"cerulean","year":2000,"color":"#98B2D1","pantone_value":"15-4020"},{"id":2,"name":"fuchsia rose","year":2001,"color":"#C74375","pantone_value":"17-2031"},{"id":3,"name":"true red","year":2002,"color":"#BF1932","pantone_value":"19-1664"},{"id":4,"name":"aqua sky","year":2003,"color":"#7BC4C4","pantone_value":"14-4811"},{"id":5,"name":"tigerlily","year":2004,"color":"#E2583E","pantone_value":"17-1456"},{"id":6,"name":"blue turquoise","year":2005,"color":"#53B0AE","pantone_value":"15-5217"}],"support":{"url":"https://reqres.in/#support-heading","text":"To keep ReqRes free, contributions towards server costs are appreciated!"}}

22:07:12.869 [main] INFO  com.intuit.karate - [print] {
  "page": 1,
  "per_page": 6,
  "total": 12,
  "total_pages": 2,
  "data": [
    {
      "id": 1,
      "name": "cerulean",
      "year": 2000,
      "color": "#98B2D1",
      "pantone_value": "15-4020"
    },
    {
      "id": 2,
      "name": "fuchsia rose",
      "year": 2001,
      "color": "#C74375",
      "pantone_value": "17-2031"
    },
    {
      "id": 3,
      "name": "true red",
      "year": 2002,
      "color": "#BF1932",
      "pantone_value": "19-1664"
    },
    {
      "id": 4,
      "name": "aqua sky",
      "year": 2003,
      "color": "#7BC4C4",
      "pantone_value": "14-4811"
    },
    {
      "id": 5,
      "name": "tigerlily",
      "year": 2004,
      "color": "#E2583E",
      "pantone_value": "17-1456"
    },
    {
      "id": 6,
      "name": "blue turquoise",
      "year": 2005,
      "color": "#53B0AE",
      "pantone_value": "15-5217"
    }
  ],
  "support": {
    "url": "https://reqres.in/#support-heading",
    "text": "To keep ReqRes free, contributions towards server costs are appreciated!"
  }
}
 
---------------------------------------------------------
feature: classpath:examples/users/apitest.feature
scenarios:  1 | passed:  1 | failed:  0 | time: 1.2769
---------------------------------------------------------

22:07:13.831 [main] INFO  com.intuit.karate.Suite - <<pass>> feature 1 of 2 (0 remaining) classpath:examples/users/apitest.feature
22:07:13.837 [main] DEBUG com.intuit.karate.Suite - waiting for 2 features to complete
Karate version: 1.4.1
======================================================
elapsed:   4.78 | threads:    1 | thread time: 1.28 
features:     1 | skipped:    1 | efficiency: 0.27
scenarios:    1 | passed:     1 | failed: 0
======================================================

HTML report: (paste into browser to view) | Karate version: 1.4.1
file:///C:/TestingProject/karateDemo/target/karate-reports/karate-summary.html
===================================================================

]]></system-out>
  </testcase>
</testsuite>